Arguments: 
  C:\Program Files\nodejs\node.exe C:\Users\PC\AppData\Roaming\npm\node_modules\yarn\bin\yarn.js add j

PATH: 
  D:\cmder\bin;D:\cmder\vendor\bin;C:\Python27\;C:\Python27\Scripts;C:\Windows\system32;C:\Windows;C:\Windows\System32\Wbem;C:\Windows\System32\WindowsPowerShell\v1.0\;C:\Windows\System32\OpenSSH\;C:\Program Files\nodejs\;C:\ProgramData\chocolatey\bin;‪D:\Software\hugo\hugo.exe;C:\Users\PC\AppData\Local\Microsoft\WindowsApps;D:\Microsoft VS Code\bin;C:\Users\PC\AppData\Roaming\npm;‪D:\Software\hugo\hugo.exe;D:\cmder\vendor\git-for-windows\cmd;D:\cmder\vendor\git-for-windows\mingw64\bin;D:\cmder\vendor\git-for-windows\usr\bin;D:\cmder

Yarn version: 
  1.19.1

Node version: 
  13.0.1

Platform: 
  win32 x64

Trace: 
  Error: https://registry.npm.taobao.org/codepage/download/codepage-1.14.0.tgz: ENOENT: no such file or directory, open 'C:\Users\PC\AppData\Local\Yarn\Cache\v6\npm-codepage-1.14.0-8cbe25481323559d7d307571b0fff91e7a1d2f99-integrity\node_modules\codepage\.yarn-tarball.tgz'

npm manifest: 
  {
    "name": "mvc-demo-1",
    "version": "1.0.0",
    "main": "index.js",
    "license": "MIT",
    "dependencies": {
      "jquery": "^3.4.1"
    }
  }

yarn manifest: 
  No manifest

Lockfile: 
  # THIS IS AN AUTOGENERATED FILE. DO NOT EDIT THIS FILE DIRECTLY.
  # yarn lockfile v1
  
  
  jquery@^3.4.1:
    version "3.4.1"
    resolved "https://registry.npm.taobao.org/jquery/download/jquery-3.4.1.tgz#714f1f8d9dde4bdfa55764ba37ef214630d80ef2"
    integrity sha1-cU8fjZ3eS9+lV2S6N+8hRjDYDvI=
